[INFO] 2026-01-23 18:15:05 - Se ha creado el recurso: Aprendiendo PHP
[INFO] 2026-01-23 18:15:05 - Se ha creado el recurso: Tech Monthly
[INFO] 2026-01-23 18:15:05 - Se ha creado el recurso: Curso de PHP
[] 2026-01-23 18:18:46 - Se ha creado el recurso: Aprendiendo PHP
[] 2026-01-23 18:18:46 - Se ha creado el recurso: Tech Monthly
[] 2026-01-23 18:18:46 - Se ha creado el recurso: Curso de PHP
[INFO] 2026-01-23 18:19:42 - Se ha creado el recurso: Aprendiendo PHP
[INFO] 2026-01-23 18:19:42 - Se ha creado el recurso: Tech Monthly
[INFO] 2026-01-23 18:19:42 - Se ha creado el recurso: Curso de PHP
[INFO] 2026-01-23 18:20:46 - Se ha creado el recurso: Aprendiendo PHP
[INFO] 2026-01-23 18:20:46 - Se ha creado el recurso: Tech Monthly
[INFO] 2026-01-23 18:20:46 - Se ha creado el recurso: Curso de PHP
[INFO] 2026-01-23 18:22:17 - Se ha creado el recurso: Aprendiendo PHP
[INFO] 2026-01-23 18:22:17 - Se ha creado el recurso: Tech Monthly
[INFO] 2026-01-23 18:22:17 - Se ha creado el recurso: Curso de PHP
[INFO] 2026-01-23 18:22:17 - Video creado: Curso de PHP, duración 120 min
[INFO] 2026-01-23 18:28:51 - Video creado: Curso de PHP, duración 120 min
[INFO] 2026-01-23 18:29:11 - Video creado: Curso de PHP, duración 120 min
[INFO] 2026-01-23 18:29:29 - Video creado: Curso de PHP, duración 120 min
[INFO] 2026-01-23 18:29:43 - Video creado: Curso de PHP, duración 120 min
[INFO] 2026-01-23 18:30:05 - Video creado: Curso de PHP, duración 120 min
[INFO] 2026-01-23 18:30:31 - Video creado: Curso de PHP, duración 120 min
[INFO] 2026-01-26 16:42:34 - Se ha creado el recurso: Aprendiendo PHP
[INFO] 2026-01-26 16:42:34 - Se ha creado el recurso: Tech Monthly
[INFO] 2026-01-26 16:42:34 - Se ha creado el recurso: Curso de PHP
