[DEBUG] 2026-01-30 11:37:41 - Se ha creado el recurso: libro1 con id: 1
[DEBUG] 2026-01-30 11:37:41 - Se ha creado el recurso: libro2 con id: 2
[DEBUG] 2026-01-30 11:37:41 - Se ha creado el recurso: libro3 con id: 3
[DEBUG] 2026-01-30 11:37:41 - Se ha creado el recurso: libro4 con id: 4
[DEBUG] 2026-01-30 12:02:06 - Se ha creado el recurso: libro1 con id: 1
[DEBUG] 2026-01-30 12:02:06 - Se ha creado el recurso: libro2 con id: 2
[DEBUG] 2026-01-30 12:02:06 - Se ha creado el recurso: libro3 con id: 3
[DEBUG] 2026-01-30 12:02:06 - Se ha creado el recurso: libro4 con id: 4
[ERROR] 2026-01-30 12:02:06 - Usuario ha alcanzado el máximo de préstamos: juan@email.com
[DEBUG] 2026-01-30 12:02:34 - Se ha creado el recurso: libro1 con id: 1
[DEBUG] 2026-01-30 12:02:34 - Se ha creado el recurso: libro2 con id: 2
[DEBUG] 2026-01-30 12:02:34 - Se ha creado el recurso: libro3 con id: 3
[DEBUG] 2026-01-30 12:02:34 - Se ha creado el recurso: libro4 con id: 4
[DEBUG] 2026-01-30 12:02:41 - Se ha creado el recurso: libro1 con id: 1
[DEBUG] 2026-01-30 12:02:41 - Se ha creado el recurso: libro2 con id: 2
[DEBUG] 2026-01-30 12:02:41 - Se ha creado el recurso: libro3 con id: 3
[DEBUG] 2026-01-30 12:02:41 - Se ha creado el recurso: libro4 con id: 4
[ERROR] 2026-01-30 12:02:41 - Usuario ha alcanzado el máximo de préstamos: juan@email.com
[DEBUG] 2026-01-30 12:02:59 - Se ha creado el recurso: libro1 con id: 1
[DEBUG] 2026-01-30 12:02:59 - Se ha creado el recurso: libro2 con id: 2
[DEBUG] 2026-01-30 12:02:59 - Se ha creado el recurso: libro3 con id: 3
[DEBUG] 2026-01-30 12:02:59 - Se ha creado el recurso: libro4 con id: 4
[ERROR] 2026-01-30 12:02:59 - Usuario ha alcanzado el máximo de préstamos: juan@email.com
[DEBUG] 2026-02-02 12:10:31 - Se ha creado el recurso: libro1 con id: 1
[DEBUG] 2026-02-02 12:10:31 - Se ha creado el recurso: libro2 con id: 2
[DEBUG] 2026-02-02 12:10:31 - Se ha creado el recurso: libro3 con id: 3
[DEBUG] 2026-02-02 12:10:31 - Se ha creado el recurso: libro4 con id: 4
[ERROR] 2026-02-02 12:10:31 - Usuario ha alcanzado el máximo de préstamos: juan@email.com
[ERROR] 2026-02-02 14:02:57 - Usuario no encontrado: inexistente
[ERROR] 2026-02-02 14:08:36 - Usuario no encontrado: inexistente
[ERROR] 2026-02-02 14:08:36 - Usuario no encontrado: inexistente
[DEBUG] 2026-02-02 14:11:54 - Se ha creado el recurso: Libro de prueba con id: 1
[DEBUG] 2026-02-02 14:11:54 - Se ha creado el recurso: Libro de prueba con id: 2
[ERROR] 2026-02-02 14:11:54 - Usuario no encontrado: inexistente
[DEBUG] 2026-02-02 14:12:38 - Se ha creado el recurso: Libro de prueba con id: 1
[DEBUG] 2026-02-02 14:12:38 - Se ha creado el recurso: Libro de prueba con id: 2
[ERROR] 2026-02-02 14:12:38 - Usuario no encontrado: inexistente
[DEBUG] 2026-02-09 17:13:25 - Se ha creado el recurso: Libro de prueba con id: 1
[DEBUG] 2026-02-09 17:13:25 - Se ha creado el recurso: Título con id: 2
[DEBUG] 2026-02-09 17:13:25 - Se ha creado el recurso: Vídeo con id: 3
[INFO] 2026-02-09 17:13:25 - Video creado: Vídeo, duración 120 min
[DEBUG] 2026-02-09 17:13:25 - Se ha creado el recurso: Libro de prueba con id: 4
[DEBUG] 2026-02-09 17:13:25 - Se ha creado el recurso: Título con id: 5
[DEBUG] 2026-02-09 17:13:25 - Se ha creado el recurso: Vídeo con id: 6
[INFO] 2026-02-09 17:13:25 - Video creado: Vídeo, duración 120 min
[ERROR] 2026-02-09 17:13:25 - Usuario no encontrado: inexistente
[DEBUG] 2026-02-09 17:13:25 - Se ha creado el recurso: Libro de prueba con id: 7
[DEBUG] 2026-02-09 17:13:25 - Se ha creado el recurso: Título con id: 8
[DEBUG] 2026-02-09 17:13:25 - Se ha creado el recurso: Vídeo con id: 9
[INFO] 2026-02-09 17:13:25 - Video creado: Vídeo, duración 120 min
[ERROR] 2026-02-09 17:13:25 - Recurso no encontrado: 999
[DEBUG] 2026-02-09 17:13:25 - Se ha creado el recurso: Libro de prueba con id: 10
[DEBUG] 2026-02-09 17:13:25 - Se ha creado el recurso: Título con id: 11
[DEBUG] 2026-02-09 17:13:25 - Se ha creado el recurso: Vídeo con id: 12
[INFO] 2026-02-09 17:13:25 - Video creado: Vídeo, duración 120 min
[ERROR] 2026-02-09 17:13:25 - Recurso no disponible: 10
[DEBUG] 2026-02-09 17:13:25 - Se ha creado el recurso: Libro de prueba con id: 13
[DEBUG] 2026-02-09 17:13:25 - Se ha creado el recurso: Título con id: 14
[DEBUG] 2026-02-09 17:13:25 - Se ha creado el recurso: Vídeo con id: 15
[INFO] 2026-02-09 17:13:25 - Video creado: Vídeo, duración 120 min
[DEBUG] 2026-02-09 17:13:25 - Se ha creado el recurso: Título 4 con id: 16
[ERROR] 2026-02-09 17:13:25 - Usuario ha alcanzado el máximo de préstamos: juan@example.com
[DEBUG] 2026-02-09 17:13:25 - Se ha creado el recurso: Libro de prueba con id: 17
[DEBUG] 2026-02-09 17:13:25 - Se ha creado el recurso: Título con id: 18
[DEBUG] 2026-02-09 17:13:25 - Se ha creado el recurso: Vídeo con id: 19
[INFO] 2026-02-09 17:13:25 - Video creado: Vídeo, duración 120 min
[DEBUG] 2026-02-09 17:13:25 - Se ha creado el recurso: Libro de prueba con id: 20
[DEBUG] 2026-02-09 17:13:25 - Se ha creado el recurso: Título con id: 21
[DEBUG] 2026-02-09 17:13:25 - Se ha creado el recurso: Vídeo con id: 22
[INFO] 2026-02-09 17:13:25 - Video creado: Vídeo, duración 120 min
[DEBUG] 2026-02-09 17:13:33 - Se ha creado el recurso: Libro de prueba con id: 1
[DEBUG] 2026-02-09 17:13:33 - Se ha creado el recurso: Título con id: 2
[DEBUG] 2026-02-09 17:13:33 - Se ha creado el recurso: Vídeo con id: 3
[INFO] 2026-02-09 17:13:33 - Video creado: Vídeo, duración 120 min
[DEBUG] 2026-02-09 17:13:33 - Se ha creado el recurso: Libro de prueba con id: 4
[DEBUG] 2026-02-09 17:13:33 - Se ha creado el recurso: Título con id: 5
[DEBUG] 2026-02-09 17:13:33 - Se ha creado el recurso: Vídeo con id: 6
[INFO] 2026-02-09 17:13:33 - Video creado: Vídeo, duración 120 min
[ERROR] 2026-02-09 17:13:33 - Usuario no encontrado: inexistente
[DEBUG] 2026-02-09 17:13:33 - Se ha creado el recurso: Libro de prueba con id: 7
[DEBUG] 2026-02-09 17:13:33 - Se ha creado el recurso: Título con id: 8
[DEBUG] 2026-02-09 17:13:33 - Se ha creado el recurso: Vídeo con id: 9
[INFO] 2026-02-09 17:13:33 - Video creado: Vídeo, duración 120 min
[ERROR] 2026-02-09 17:13:33 - Recurso no encontrado: 999
[DEBUG] 2026-02-09 17:13:33 - Se ha creado el recurso: Libro de prueba con id: 10
[DEBUG] 2026-02-09 17:13:33 - Se ha creado el recurso: Título con id: 11
[DEBUG] 2026-02-09 17:13:33 - Se ha creado el recurso: Vídeo con id: 12
[INFO] 2026-02-09 17:13:33 - Video creado: Vídeo, duración 120 min
[ERROR] 2026-02-09 17:13:33 - Recurso no disponible: 10
[DEBUG] 2026-02-09 17:13:33 - Se ha creado el recurso: Libro de prueba con id: 13
[DEBUG] 2026-02-09 17:13:33 - Se ha creado el recurso: Título con id: 14
[DEBUG] 2026-02-09 17:13:33 - Se ha creado el recurso: Vídeo con id: 15
[INFO] 2026-02-09 17:13:33 - Video creado: Vídeo, duración 120 min
[DEBUG] 2026-02-09 17:13:33 - Se ha creado el recurso: Título 4 con id: 16
[ERROR] 2026-02-09 17:13:33 - Usuario ha alcanzado el máximo de préstamos: juan@example.com
[DEBUG] 2026-02-09 17:13:33 - Se ha creado el recurso: Libro de prueba con id: 17
[DEBUG] 2026-02-09 17:13:33 - Se ha creado el recurso: Título con id: 18
[DEBUG] 2026-02-09 17:13:33 - Se ha creado el recurso: Vídeo con id: 19
[INFO] 2026-02-09 17:13:33 - Video creado: Vídeo, duración 120 min
[DEBUG] 2026-02-09 17:13:33 - Se ha creado el recurso: Libro de prueba con id: 20
[DEBUG] 2026-02-09 17:13:33 - Se ha creado el recurso: Título con id: 21
[DEBUG] 2026-02-09 17:13:33 - Se ha creado el recurso: Vídeo con id: 22
[INFO] 2026-02-09 17:13:33 - Video creado: Vídeo, duración 120 min
[DEBUG] 2026-02-09 17:20:15 - Se ha creado el recurso: Libro de prueba con id: 1
[DEBUG] 2026-02-09 17:20:15 - Se ha creado el recurso: Título con id: 2
[DEBUG] 2026-02-09 17:20:15 - Se ha creado el recurso: Vídeo con id: 3
[INFO] 2026-02-09 17:20:15 - Video creado: Vídeo, duración 120 min
[DEBUG] 2026-02-09 17:20:15 - Se ha creado el recurso: Libro de prueba con id: 4
[DEBUG] 2026-02-09 17:20:15 - Se ha creado el recurso: Título con id: 5
[DEBUG] 2026-02-09 17:20:15 - Se ha creado el recurso: Vídeo con id: 6
[INFO] 2026-02-09 17:20:15 - Video creado: Vídeo, duración 120 min
[ERROR] 2026-02-09 17:20:15 - Usuario no encontrado: inexistente
[DEBUG] 2026-02-09 17:20:15 - Se ha creado el recurso: Libro de prueba con id: 7
[DEBUG] 2026-02-09 17:20:15 - Se ha creado el recurso: Título con id: 8
[DEBUG] 2026-02-09 17:20:15 - Se ha creado el recurso: Vídeo con id: 9
[INFO] 2026-02-09 17:20:15 - Video creado: Vídeo, duración 120 min
[ERROR] 2026-02-09 17:20:15 - Recurso no encontrado: 999
[DEBUG] 2026-02-09 17:20:15 - Se ha creado el recurso: Libro de prueba con id: 10
[DEBUG] 2026-02-09 17:20:15 - Se ha creado el recurso: Título con id: 11
[DEBUG] 2026-02-09 17:20:15 - Se ha creado el recurso: Vídeo con id: 12
[INFO] 2026-02-09 17:20:15 - Video creado: Vídeo, duración 120 min
[ERROR] 2026-02-09 17:20:15 - Recurso no disponible: 10
[DEBUG] 2026-02-09 17:20:15 - Se ha creado el recurso: Libro de prueba con id: 13
[DEBUG] 2026-02-09 17:20:15 - Se ha creado el recurso: Título con id: 14
[DEBUG] 2026-02-09 17:20:15 - Se ha creado el recurso: Vídeo con id: 15
[INFO] 2026-02-09 17:20:15 - Video creado: Vídeo, duración 120 min
[DEBUG] 2026-02-09 17:20:15 - Se ha creado el recurso: Título 4 con id: 16
[ERROR] 2026-02-09 17:20:15 - Usuario ha alcanzado el máximo de préstamos: juan@example.com
[DEBUG] 2026-02-09 17:20:15 - Se ha creado el recurso: Libro de prueba con id: 17
[DEBUG] 2026-02-09 17:20:15 - Se ha creado el recurso: Título con id: 18
[DEBUG] 2026-02-09 17:20:15 - Se ha creado el recurso: Vídeo con id: 19
[INFO] 2026-02-09 17:20:15 - Video creado: Vídeo, duración 120 min
[DEBUG] 2026-02-09 17:20:15 - Se ha creado el recurso: Libro de prueba con id: 20
[DEBUG] 2026-02-09 17:20:15 - Se ha creado el recurso: Título con id: 21
[DEBUG] 2026-02-09 17:20:15 - Se ha creado el recurso: Vídeo con id: 22
[INFO] 2026-02-09 17:20:15 - Video creado: Vídeo, duración 120 min
